main.js?attr=0Kudl2vQydcsFvbhZswSv7ivKv8-cz4K_aiwEYdP8QQzOEEK8mKlOA941QQxNl-8qiX-SNHrPBfbLrqP5YC3Gw:3458 Failed to execute 'postMessage' on 'DOMWindow': The target origin provided ('http://gc.kis.v2.scr.kaspersky-labs.com') does not match the recipient window's origin ('http://itcareer.pythonanywhere.com').
SendToFrame @ main.js?attr=0Kudl2vQydcsFvbhZswSv7ivKv8-cz4K_aiwEYdP8QQzOEEK8mKlOA941QQxNl-8qiX-SNHrPBfbLrqP5YC3Gw:3458
UpdateBalloon @ main.js?attr=0Kudl2vQydcsFvbhZswSv7ivKv8-cz4K_aiwEYdP8QQzOEEK8mKlOA941QQxNl-8qiX-SNHrPBfbLrqP5YC3Gw:3603
CreateBalloon @ main.js?attr=0Kudl2vQydcsFvbhZswSv7ivKv8-cz4K_aiwEYdP8QQzOEEK8mKlOA941QQxNl-8qiX-SNHrPBfbLrqP5YC3Gw:3497
Show @ main.js?attr=0Kudl2vQydcsFvbhZswSv7ivKv8-cz4K_aiwEYdP8QQzOEEK8mKlOA941QQxNl-8qiX-SNHrPBfbLrqP5YC3Gw:3615
ShowBalloonImpl @ main.js?attr=0Kudl2vQydcsFvbhZswSv7ivKv8-cz4K_aiwEYdP8QQzOEEK8mKlOA941QQxNl-8qiX-SNHrPBfbLrqP5YC3Gw:2350
(anonymous) @ main.js?attr=0Kudl2vQydcsFvbhZswSv7ivKv8-cz4K_aiwEYdP8QQzOEEK8mKlOA941QQxNl-8qiX-SNHrPBfbLrqP5YC3Gw:2371
ShowBalloonIfNeed @ main.js?attr=0Kudl2vQydcsFvbhZswSv7ivKv8-cz4K_aiwEYdP8QQzOEEK8mKlOA941QQxNl-8qiX-SNHrPBfbLrqP5YC3Gw:2362
ShowBalloonIfNeedForField @ main.js?attr=0Kudl2vQydcsFvbhZswSv7ivKv8-cz4K_aiwEYdP8QQzOEEK8mKlOA941QQxNl-8qiX-SNHrPBfbLrqP5YC3Gw:2413
clientCallback @ main.js?attr=0Kudl2vQydcsFvbhZswSv7ivKv8-cz4K_aiwEYdP8QQzOEEK8mKlOA941QQxNl-8qiX-SNHrPBfbLrqP5YC3Gw:3124
OnGetFieldsCallback @ main.js?attr=0Kudl2vQydcsFvbhZswSv7ivKv8-cz4K_aiwEYdP8QQzOEEK8mKlOA941QQxNl-8qiX-SNHrPBfbLrqP5YC3Gw:3045
callback @ main.js?attr=0Kudl2vQydcsFvbhZswSv7ivKv8-cz4K_aiwEYdP8QQzOEEK8mKlOA941QQxNl-8qiX-SNHrPBfbLrqP5YC3Gw:1646
(anonymous) @ main.js?attr=0Kudl2vQydcsFvbhZswSv7ivKv8-cz4K_aiwEYdP8QQzOEEK8mKlOA941QQxNl-8qiX-SNHrPBfbLrqP5YC3Gw:1375
ProcessMessage @ main.js?attr=0Kudl2vQydcsFvbhZswSv7ivKv8-cz4K_aiwEYdP8QQzOEEK8mKlOA941QQxNl-8qiX-SNHrPBfbLrqP5YC3Gw:1277
GetWebSocket.webSocket.onmessage @ main.js?attr=0Kudl2vQydcsFvbhZswSv7ivKv8-cz4K_aiwEYdP8QQzOEEK8mKlOA941QQxNl-8qiX-SNHrPBfbLrqP5YC3Gw:1232
main.js?attr=0Kudl2vQydcsFvbhZswSv7ivKv8-cz4K_aiwEYdP8QQzOEEK8mKlOA941QQxNl-8qiX-SNHrPBfbLrqP5YC3Gw:3458 Failed to execute 'postMessage' on 'DOMWindow': The target origin provided ('http://gc.kis.v2.scr.kaspersky-labs.com') does not match the recipient window's origin ('http://itcareer.pythonanywhere.com').
SendToFrame @ main.js?attr=0Kudl2vQydcsFvbhZswSv7ivKv8-cz4K_aiwEYdP8QQzOEEK8mKlOA941QQxNl-8qiX-SNHrPBfbLrqP5YC3Gw:3458
UpdateBalloon @ main.js?attr=0Kudl2vQydcsFvbhZswSv7ivKv8-cz4K_aiwEYdP8QQzOEEK8mKlOA941QQxNl-8qiX-SNHrPBfbLrqP5YC3Gw:3603
CreateBalloon @ main.js?attr=0Kudl2vQydcsFvbhZswSv7ivKv8-cz4K_aiwEYdP8QQzOEEK8mKlOA941QQxNl-8qiX-SNHrPBfbLrqP5YC3Gw:3497
Show @ main.js?attr=0Kudl2vQydcsFvbhZswSv7ivKv8-cz4K_aiwEYdP8QQzOEEK8mKlOA941QQxNl-8qiX-SNHrPBfbLrqP5YC3Gw:3615
ShowBalloonImpl @ main.js?attr=0Kudl2vQydcsFvbhZswSv7ivKv8-cz4K_aiwEYdP8QQzOEEK8mKlOA941QQxNl-8qiX-SNHrPBfbLrqP5YC3Gw:2350
ShowBalloonIfNeed @ main.js?attr=0Kudl2vQydcsFvbhZswSv7ivKv8-cz4K_aiwEYdP8QQzOEEK8mKlOA941QQxNl-8qiX-SNHrPBfbLrqP5YC3Gw:2359
ShowBalloonIfNeedForField @ main.js?attr=0Kudl2vQydcsFvbhZswSv7ivKv8-cz4K_aiwEYdP8QQzOEEK8mKlOA941QQxNl-8qiX-SNHrPBfbLrqP5YC3Gw:2413
clientCallback @ main.js?attr=0Kudl2vQydcsFvbhZswSv7ivKv8-cz4K_aiwEYdP8QQzOEEK8mKlOA941QQxNl-8qiX-SNHrPBfbLrqP5YC3Gw:3124
OnGetFieldsCallback @ main.js?attr=0Kudl2vQydcsFvbhZswSv7ivKv8-cz4K_aiwEYdP8QQzOEEK8mKlOA941QQxNl-8qiX-SNHrPBfbLrqP5YC3Gw:3045
callback @ main.js?attr=0Kudl2vQydcsFvbhZswSv7ivKv8-cz4K_aiwEYdP8QQzOEEK8mKlOA941QQxNl-8qiX-SNHrPBfbLrqP5YC3Gw:1646
(anonymous) @ main.js?attr=0Kudl2vQydcsFvbhZswSv7ivKv8-cz4K_aiwEYdP8QQzOEEK8mKlOA941QQxNl-8qiX-SNHrPBfbLrqP5YC3Gw:1375
ProcessMessage @ main.js?attr=0Kudl2vQydcsFvbhZswSv7ivKv8-cz4K_aiwEYdP8QQzOEEK8mKlOA941QQxNl-8qiX-SNHrPBfbLrqP5YC3Gw:1277
GetWebSocket.webSocket.onmessage @ main.js?attr=0Kudl2vQydcsFvbhZswSv7ivKv8-cz4K_aiwEYdP8QQzOEEK8mKlOA941QQxNl-8qiX-SNHrPBfbLrqP5YC3Gw:1232
